::1 - - [12/Sep/2021:20:15:39 +0000] "GET /static/css/2.365ee758.chunk.css.map HTTP/1.1" 200 90327 "-" "Mozilla/5.0 (Macintosh; Intel Mac OS X 10_15_7) AppleWebKit/537.36 (KHTML, like Gecko) Chrome/93.0.4577.63 Safari/537.36"
::1 - - [12/Sep/2021:20:15:39 +0000] "GET /static/css/main.aaee00c6.chunk.css.map HTTP/1.1" 200 421511 "-" "Mozilla/5.0 (Macintosh; Intel Mac OS X 10_15_7) AppleWebKit/537.36 (KHTML, like Gecko) Chrome/93.0.4577.63 Safari/537.36"
::1 - - [12/Sep/2021:20:15:39 +0000] "GET /static/js/main.feb5d885.chunk.js.map HTTP/1.1" 200 3235 "-" "Mozilla/5.0 (Macintosh; Intel Mac OS X 10_15_7) AppleWebKit/537.36 (KHTML, like Gecko) Chrome/93.0.4577.63 Safari/537.36"
::1 - - [12/Sep/2021:20:15:39 +0000] "GET /apiundefined HTTP/1.1" 500 52 "http://localhost:4000/auth/login" "Mozilla/5.0 (Macintosh; Intel Mac OS X 10_15_7) AppleWebKit/537.36 (KHTML, like Gecko) Chrome/93.0.4577.63 Safari/537.36"
::1 - - [12/Sep/2021:20:15:39 +0000] "GET /favicon.ico HTTP/1.1" 304 - "http://localhost:4000/auth/login" "Mozilla/5.0 (Macintosh; Intel Mac OS X 10_15_7) AppleWebKit/537.36 (KHTML, like Gecko) Chrome/93.0.4577.63 Safari/537.36"
::1 - - [12/Sep/2021:20:15:39 +0000] "GET /static/js/2.3009dfdb.chunk.js.map HTTP/1.1" 200 7617590 "-" "Mozilla/5.0 (Macintosh; Intel Mac OS X 10_15_7) AppleWebKit/537.36 (KHTML, like Gecko) Chrome/93.0.4577.63 Safari/537.36"
::1 - - [12/Sep/2021:20:15:40 +0000] "GET /service-worker.js HTTP/1.1" 304 - "http://localhost:4000/service-worker.js" "Mozilla/5.0 (Macintosh; Intel Mac OS X 10_15_7) AppleWebKit/537.36 (KHTML, like Gecko) Chrome/93.0.4577.63 Safari/537.36"
::1 - - [12/Sep/2021:20:15:41 +0000] "GET /service-worker.js HTTP/1.1" 304 - "http://localhost:4000/auth/login" "Mozilla/5.0 (Macintosh; Intel Mac OS X 10_15_7) AppleWebKit/537.36 (KHTML, like Gecko) Chrome/93.0.4577.63 Safari/537.36"
::1 - - [12/Sep/2021:20:15:41 +0000] "GET /manifest.json HTTP/1.1" 304 - "http://localhost:4000/auth/login" "Mozilla/5.0 (Macintosh; Intel Mac OS X 10_15_7) AppleWebKit/537.36 (KHTML, like Gecko) Chrome/93.0.4577.63 Safari/537.36"
::1 - - [12/Sep/2021:20:15:43 +0000] "GET /logo192.png HTTP/1.1" 304 - "http://localhost:4000/auth/login" "Mozilla/5.0 (Macintosh; Intel Mac OS X 10_15_7) AppleWebKit/537.36 (KHTML, like Gecko) Chrome/93.0.4577.63 Safari/537.36"
::1 - - [12/Sep/2021:20:18:42 +0000] "GET /static/css/2.365ee758.chunk.css.map HTTP/1.1" 500 39 "-" "Mozilla/5.0 (Macintosh; Intel Mac OS X 10_15_7) AppleWebKit/537.36 (KHTML, like Gecko) Chrome/93.0.4577.63 Safari/537.36"
::1 - - [12/Sep/2021:20:18:42 +0000] "GET /static/css/main.aaee00c6.chunk.css.map HTTP/1.1" 500 39 "-" "Mozilla/5.0 (Macintosh; Intel Mac OS X 10_15_7) AppleWebKit/537.36 (KHTML, like Gecko) Chrome/93.0.4577.63 Safari/537.36"
::1 - - [12/Sep/2021:20:18:42 +0000] "GET /static/js/2.3009dfdb.chunk.js.map HTTP/1.1" 500 39 "-" "Mozilla/5.0 (Macintosh; Intel Mac OS X 10_15_7) AppleWebKit/537.36 (KHTML, like Gecko) Chrome/93.0.4577.63 Safari/537.36"
::1 - - [12/Sep/2021:20:18:42 +0000] "GET /static/js/main.feb5d885.chunk.js.map HTTP/1.1" 500 39 "-" "Mozilla/5.0 (Macintosh; Intel Mac OS X 10_15_7) AppleWebKit/537.36 (KHTML, like Gecko) Chrome/93.0.4577.63 Safari/537.36"
::1 - - [12/Sep/2021:20:18:42 +0000] "GET /apiundefined HTTP/1.1" 500 39 "http://localhost:4000/auth/login" "Mozilla/5.0 (Macintosh; Intel Mac OS X 10_15_7) AppleWebKit/537.36 (KHTML, like Gecko) Chrome/93.0.4577.63 Safari/537.36"
::1 - - [12/Sep/2021:20:18:42 +0000] "GET /favicon.ico HTTP/1.1" 500 39 "http://localhost:4000/auth/login" "Mozilla/5.0 (Macintosh; Intel Mac OS X 10_15_7) AppleWebKit/537.36 (KHTML, like Gecko) Chrome/93.0.4577.63 Safari/537.36"
::1 - - [12/Sep/2021:20:18:44 +0000] "GET /service-worker.js HTTP/1.1" 500 39 "http://localhost:4000/service-worker.js" "Mozilla/5.0 (Macintosh; Intel Mac OS X 10_15_7) AppleWebKit/537.36 (KHTML, like Gecko) Chrome/93.0.4577.63 Safari/537.36"
::1 - - [12/Sep/2021:20:18:44 +0000] "GET /service-worker.js HTTP/1.1" 500 39 "http://localhost:4000/auth/login" "Mozilla/5.0 (Macintosh; Intel Mac OS X 10_15_7) AppleWebKit/537.36 (KHTML, like Gecko) Chrome/93.0.4577.63 Safari/537.36"
::1 - - [12/Sep/2021:20:18:44 +0000] "GET /manifest.json HTTP/1.1" 500 39 "http://localhost:4000/auth/login" "Mozilla/5.0 (Macintosh; Intel Mac OS X 10_15_7) AppleWebKit/537.36 (KHTML, like Gecko) Chrome/93.0.4577.63 Safari/537.36"
::1 - - [12/Sep/2021:20:18:46 +0000] "GET /auth/login HTTP/1.1" 500 39 "http://localhost:4000/auth/login" "Mozilla/5.0 (Macintosh; Intel Mac OS X 10_15_7) AppleWebKit/537.36 (KHTML, like Gecko) Chrome/93.0.4577.63 Safari/537.36"
::1 - - [12/Sep/2021:20:19:50 +0000] "GET / HTTP/1.1" 200 3235 "-" "Mozilla/5.0 (Macintosh; Intel Mac OS X 10_15_7) AppleWebKit/537.36 (KHTML, like Gecko) Chrome/93.0.4577.63 Safari/537.36"
::1 - - [12/Sep/2021:20:19:52 +0000] "GET /static/css/2.365ee758.chunk.css HTTP/1.1" 200 59656 "http://localhost:4000/" "Mozilla/5.0 (Macintosh; Intel Mac OS X 10_15_7) AppleWebKit/537.36 (KHTML, like Gecko) Chrome/93.0.4577.63 Safari/537.36"
::1 - - [12/Sep/2021:20:19:52 +0000] "GET /static/js/main.1832fc57.chunk.js HTTP/1.1" 304 - "http://localhost:4000/" "Mozilla/5.0 (Macintosh; Intel Mac OS X 10_15_7) AppleWebKit/537.36 (KHTML, like Gecko) Chrome/93.0.4577.63 Safari/537.36"
::1 - - [12/Sep/2021:20:19:52 +0000] "GET /static/css/main.aaee00c6.chunk.css HTTP/1.1" 200 301570 "http://localhost:4000/" "Mozilla/5.0 (Macintosh; Intel Mac OS X 10_15_7) AppleWebKit/537.36 (KHTML, like Gecko) Chrome/93.0.4577.63 Safari/537.36"
::1 - - [12/Sep/2021:20:20:23 +0000] "GET /static/js/2.3009dfdb.chunk.js HTTP/1.1" 200 1947809 "http://localhost:4000/" "Mozilla/5.0 (Macintosh; Intel Mac OS X 10_15_7) AppleWebKit/537.36 (KHTML, like Gecko) Chrome/93.0.4577.63 Safari/537.36"
::1 - - [12/Sep/2021:20:20:41 +0000] "GET /static/js/main.1832fc57.chunk.js.map HTTP/1.1" 200 231732 "-" "Mozilla/5.0 (Macintosh; Intel Mac OS X 10_15_7) AppleWebKit/537.36 (KHTML, like Gecko) Chrome/93.0.4577.63 Safari/537.36"
::1 - - [12/Sep/2021:20:20:41 +0000] "GET /static/css/2.365ee758.chunk.css.map HTTP/1.1" 200 90327 "-" "Mozilla/5.0 (Macintosh; Intel Mac OS X 10_15_7) AppleWebKit/537.36 (KHTML, like Gecko) Chrome/93.0.4577.63 Safari/537.36"
::1 - - [12/Sep/2021:20:20:41 +0000] "GET /static/css/main.aaee00c6.chunk.css.map HTTP/1.1" 200 421511 "-" "Mozilla/5.0 (Macintosh; Intel Mac OS X 10_15_7) AppleWebKit/537.36 (KHTML, like Gecko) Chrome/93.0.4577.63 Safari/537.36"
::1 - - [12/Sep/2021:20:20:41 +0000] "GET /static/js/2.3009dfdb.chunk.js.map HTTP/1.1" 200 7617590 "-" "Mozilla/5.0 (Macintosh; Intel Mac OS X 10_15_7) AppleWebKit/537.36 (KHTML, like Gecko) Chrome/93.0.4577.63 Safari/537.36"
::1 - - [12/Sep/2021:20:20:41 +0000] "GET /favicon.ico HTTP/1.1" 200 15406 "http://localhost:4000/auth/login" "Mozilla/5.0 (Macintosh; Intel Mac OS X 10_15_7) AppleWebKit/537.36 (KHTML, like Gecko) Chrome/93.0.4577.63 Safari/537.36"
::1 - - [12/Sep/2021:20:20:41 +0000] "GET /establishments HTTP/1.1" 200 3235 "http://localhost:4000/auth/login" "Mozilla/5.0 (Macintosh; Intel Mac OS X 10_15_7) AppleWebKit/537.36 (KHTML, like Gecko) Chrome/93.0.4577.63 Safari/537.36"
::1 - - [12/Sep/2021:20:20:41 +0000] "GET /static/media/nucleo-icons.cba26748.woff2 HTTP/1.1" 200 8580 "http://localhost:4000/static/css/main.aaee00c6.chunk.css" "Mozilla/5.0 (Macintosh; Intel Mac OS X 10_15_7) AppleWebKit/537.36 (KHTML, like Gecko) Chrome/93.0.4577.63 Safari/537.36"
::1 - - [12/Sep/2021:20:20:43 +0000] "GET /service-worker.js HTTP/1.1" 200 48704 "http://localhost:4000/auth/login" "Mozilla/5.0 (Macintosh; Intel Mac OS X 10_15_7) AppleWebKit/537.36 (KHTML, like Gecko) Chrome/93.0.4577.63 Safari/537.36"
::1 - - [12/Sep/2021:20:20:43 +0000] "GET /manifest.json HTTP/1.1" 200 730 "http://localhost:4000/auth/login" "Mozilla/5.0 (Macintosh; Intel Mac OS X 10_15_7) AppleWebKit/537.36 (KHTML, like Gecko) Chrome/93.0.4577.63 Safari/537.36"
::1 - - [12/Sep/2021:20:20:45 +0000] "GET /service-worker.js HTTP/1.1" 304 - "http://localhost:4000/auth/login" "Mozilla/5.0 (Macintosh; Intel Mac OS X 10_15_7) AppleWebKit/537.36 (KHTML, like Gecko) Chrome/93.0.4577.63 Safari/537.36"
::1 - - [12/Sep/2021:20:20:45 +0000] "GET /logo192.png HTTP/1.1" 304 - "http://localhost:4000/auth/login" "Mozilla/5.0 (Macintosh; Intel Mac OS X 10_15_7) AppleWebKit/537.36 (KHTML, like Gecko) Chrome/93.0.4577.63 Safari/537.36"
::1 - - [12/Sep/2021:20:20:48 +0000] "GET /service-worker.js.map HTTP/1.1" 200 227783 "-" "Mozilla/5.0 (Macintosh; Intel Mac OS X 10_15_7) AppleWebKit/537.36 (KHTML, like Gecko) Chrome/93.0.4577.63 Safari/537.36"
::1 - - [12/Sep/2021:20:23:32 +0000] "GET /service-worker.js HTTP/1.1" 200 48704 "http://localhost:4000/service-worker.js" "Mozilla/5.0 (Macintosh; Intel Mac OS X 10_15_7) AppleWebKit/537.36 (KHTML, like Gecko) Chrome/93.0.4577.63 Safari/537.36"
::1 - - [12/Sep/2021:20:23:35 +0000] "GET /service-worker.js.map HTTP/1.1" 200 227783 "-" "Mozilla/5.0 (Macintosh; Intel Mac OS X 10_15_7) AppleWebKit/537.36 (KHTML, like Gecko) Chrome/93.0.4577.63 Safari/537.36"
::1 - - [12/Sep/2021:20:23:37 +0000] "GET /static/css/2.365ee758.chunk.css.map HTTP/1.1" 200 90327 "-" "Mozilla/5.0 (Macintosh; Intel Mac OS X 10_15_7) AppleWebKit/537.36 (KHTML, like Gecko) Chrome/93.0.4577.63 Safari/537.36"
::1 - - [12/Sep/2021:20:23:37 +0000] "GET /static/css/main.aaee00c6.chunk.css.map HTTP/1.1" 200 421511 "-" "Mozilla/5.0 (Macintosh; Intel Mac OS X 10_15_7) AppleWebKit/537.36 (KHTML, like Gecko) Chrome/93.0.4577.63 Safari/537.36"
::1 - - [12/Sep/2021:20:23:37 +0000] "GET /service-worker.js HTTP/1.1" 304 - "http://localhost:4000/service-worker.js" "Mozilla/5.0 (Macintosh; Intel Mac OS X 10_15_7) AppleWebKit/537.36 (KHTML, like Gecko) Chrome/93.0.4577.63 Safari/537.36"
::1 - - [12/Sep/2021:20:23:37 +0000] "GET /service-worker.js.map HTTP/1.1" 200 227783 "-" "Mozilla/5.0 (Macintosh; Intel Mac OS X 10_15_7) AppleWebKit/537.36 (KHTML, like Gecko) Chrome/93.0.4577.63 Safari/537.36"
::1 - - [12/Sep/2021:20:23:39 +0000] "GET /static/js/main.1832fc57.chunk.js.map HTTP/1.1" 200 231732 "-" "Mozilla/5.0 (Macintosh; Intel Mac OS X 10_15_7) AppleWebKit/537.36 (KHTML, like Gecko) Chrome/93.0.4577.63 Safari/537.36"
::1 - - [12/Sep/2021:20:23:39 +0000] "GET /static/css/2.365ee758.chunk.css.map HTTP/1.1" 200 90327 "-" "Mozilla/5.0 (Macintosh; Intel Mac OS X 10_15_7) AppleWebKit/537.36 (KHTML, like Gecko) Chrome/93.0.4577.63 Safari/537.36"
::1 - - [12/Sep/2021:20:23:39 +0000] "GET /static/css/main.aaee00c6.chunk.css.map HTTP/1.1" 200 421511 "-" "Mozilla/5.0 (Macintosh; Intel Mac OS X 10_15_7) AppleWebKit/537.36 (KHTML, like Gecko) Chrome/93.0.4577.63 Safari/537.36"
::1 - - [12/Sep/2021:20:23:39 +0000] "GET /establishments HTTP/1.1" 200 3235 "http://localhost:4000/auth/login" "Mozilla/5.0 (Macintosh; Intel Mac OS X 10_15_7) AppleWebKit/537.36 (KHTML, like Gecko) Chrome/93.0.4577.63 Safari/537.36"
::1 - - [12/Sep/2021:20:23:39 +0000] "GET /static/js/2.3009dfdb.chunk.js.map HTTP/1.1" 200 7617590 "-" "Mozilla/5.0 (Macintosh; Intel Mac OS X 10_15_7) AppleWebKit/537.36 (KHTML, like Gecko) Chrome/93.0.4577.63 Safari/537.36"
::1 - - [12/Sep/2021:20:23:39 +0000] "GET /favicon.ico HTTP/1.1" 200 15406 "http://localhost:4000/auth/login" "Mozilla/5.0 (Macintosh; Intel Mac OS X 10_15_7) AppleWebKit/537.36 (KHTML, like Gecko) Chrome/93.0.4577.63 Safari/537.36"
::1 - - [12/Sep/2021:20:23:42 +0000] "GET /service-worker.js HTTP/1.1" 304 - "http://localhost:4000/auth/login" "Mozilla/5.0 (Macintosh; Intel Mac OS X 10_15_7) AppleWebKit/537.36 (KHTML, like Gecko) Chrome/93.0.4577.63 Safari/537.36"
::1 - - [12/Sep/2021:20:23:42 +0000] "GET /manifest.json HTTP/1.1" 200 730 "http://localhost:4000/auth/login" "Mozilla/5.0 (Macintosh; Intel Mac OS X 10_15_7) AppleWebKit/537.36 (KHTML, like Gecko) Chrome/93.0.4577.63 Safari/537.36"
::1 - - [12/Sep/2021:20:23:44 +0000] "GET /service-worker.js HTTP/1.1" 304 - "http://localhost:4000/service-worker.js" "Mozilla/5.0 (Macintosh; Intel Mac OS X 10_15_7) AppleWebKit/537.36 (KHTML, like Gecko) Chrome/93.0.4577.63 Safari/537.36"
::1 - - [12/Sep/2021:20:23:44 +0000] "GET /logo192.png HTTP/1.1" 200 10655 "http://localhost:4000/auth/login" "Mozilla/5.0 (Macintosh; Intel Mac OS X 10_15_7) AppleWebKit/537.36 (KHTML, like Gecko) Chrome/93.0.4577.63 Safari/537.36"
::1 - - [12/Sep/2021:20:26:23 +0000] "GET /service-worker.js HTTP/1.1" 200 48704 "http://localhost:4000/service-worker.js" "Mozilla/5.0 (Macintosh; Intel Mac OS X 10_15_7) AppleWebKit/537.36 (KHTML, like Gecko) Chrome/93.0.4577.63 Safari/537.36"
::1 - - [12/Sep/2021:20:26:26 +0000] "GET /service-worker.js.map HTTP/1.1" 200 227783 "-" "Mozilla/5.0 (Macintosh; Intel Mac OS X 10_15_7) AppleWebKit/537.36 (KHTML, like Gecko) Chrome/93.0.4577.63 Safari/537.36"
::1 - - [12/Sep/2021:20:26:26 +0000] "GET /static/js/main.c154b1bc.chunk.js HTTP/1.1" 200 84539 "http://localhost:4000/service-worker.js" "Mozilla/5.0 (Macintosh; Intel Mac OS X 10_15_7) AppleWebKit/537.36 (KHTML, like Gecko) Chrome/93.0.4577.63 Safari/537.36"
::1 - - [12/Sep/2021:20:26:26 +0000] "GET /index.html HTTP/1.1" 200 3235 "http://localhost:4000/service-worker.js" "Mozilla/5.0 (Macintosh; Intel Mac OS X 10_15_7) AppleWebKit/537.36 (KHTML, like Gecko) Chrome/93.0.4577.63 Safari/537.36"
::1 - - [12/Sep/2021:20:26:32 +0000] "GET /static/css/2.365ee758.chunk.css.map HTTP/1.1" 200 90327 "-" "Mozilla/5.0 (Macintosh; Intel Mac OS X 10_15_7) AppleWebKit/537.36 (KHTML, like Gecko) Chrome/93.0.4577.63 Safari/537.36"
::1 - - [12/Sep/2021:20:26:32 +0000] "GET /static/css/main.aaee00c6.chunk.css.map HTTP/1.1" 200 421511 "-" "Mozilla/5.0 (Macintosh; Intel Mac OS X 10_15_7) AppleWebKit/537.36 (KHTML, like Gecko) Chrome/93.0.4577.63 Safari/537.36"
::1 - - [12/Sep/2021:20:26:32 +0000] "GET /static/js/main.c154b1bc.chunk.js.map HTTP/1.1" 200 231806 "-" "Mozilla/5.0 (Macintosh; Intel Mac OS X 10_15_7) AppleWebKit/537.36 (KHTML, like Gecko) Chrome/93.0.4577.63 Safari/537.36"
::1 - - [12/Sep/2021:20:26:32 +0000] "GET /favicon.ico HTTP/1.1" 200 15406 "http://localhost:4000/auth/login" "Mozilla/5.0 (Macintosh; Intel Mac OS X 10_15_7) AppleWebKit/537.36 (KHTML, like Gecko) Chrome/93.0.4577.63 Safari/537.36"
::1 - - [12/Sep/2021:20:26:32 +0000] "GET /api/establishments HTTP/1.1" 200 219 "http://localhost:4000/auth/login" "Mozilla/5.0 (Macintosh; Intel Mac OS X 10_15_7) AppleWebKit/537.36 (KHTML, like Gecko) Chrome/93.0.4577.63 Safari/537.36"
::1 - - [12/Sep/2021:20:26:32 +0000] "GET /static/js/2.3009dfdb.chunk.js.map HTTP/1.1" 200 7617590 "-" "Mozilla/5.0 (Macintosh; Intel Mac OS X 10_15_7) AppleWebKit/537.36 (KHTML, like Gecko) Chrome/93.0.4577.63 Safari/537.36"
::1 - - [12/Sep/2021:20:26:35 +0000] "GET /service-worker.js HTTP/1.1" 304 - "http://localhost:4000/auth/login" "Mozilla/5.0 (Macintosh; Intel Mac OS X 10_15_7) AppleWebKit/537.36 (KHTML, like Gecko) Chrome/93.0.4577.63 Safari/537.36"
::1 - - [12/Sep/2021:20:26:35 +0000] "GET /manifest.json HTTP/1.1" 200 730 "http://localhost:4000/auth/login" "Mozilla/5.0 (Macintosh; Intel Mac OS X 10_15_7) AppleWebKit/537.36 (KHTML, like Gecko) Chrome/93.0.4577.63 Safari/537.36"
::1 - - [12/Sep/2021:20:26:37 +0000] "GET /service-worker.js HTTP/1.1" 304 - "http://localhost:4000/service-worker.js" "Mozilla/5.0 (Macintosh; Intel Mac OS X 10_15_7) AppleWebKit/537.36 (KHTML, like Gecko) Chrome/93.0.4577.63 Safari/537.36"
::1 - - [12/Sep/2021:20:26:37 +0000] "GET /logo192.png HTTP/1.1" 200 10655 "http://localhost:4000/auth/login" "Mozilla/5.0 (Macintosh; Intel Mac OS X 10_15_7) AppleWebKit/537.36 (KHTML, like Gecko) Chrome/93.0.4577.63 Safari/537.36"
::1 - - [12/Sep/2021:20:27:00 +0000] "POST /api/login HTTP/1.1" 200 348 "http://localhost:4000/auth/login" "Mozilla/5.0 (Macintosh; Intel Mac OS X 10_15_7) AppleWebKit/537.36 (KHTML, like Gecko) Chrome/93.0.4577.63 Safari/537.36"
::1 - - [12/Sep/2021:20:27:03 +0000] "GET /api/transactions HTTP/1.1" 200 1674 "http://localhost:4000/admin/dashboard" "Mozilla/5.0 (Macintosh; Intel Mac OS X 10_15_7) AppleWebKit/537.36 (KHTML, like Gecko) Chrome/93.0.4577.63 Safari/537.36"
::1 - - [12/Sep/2021:20:27:11 +0000] "GET /api/transactions HTTP/1.1" 304 - "http://localhost:4000/admin/da" "Mozilla/5.0 (Macintosh; Intel Mac OS X 10_15_7) AppleWebKit/537.36 (KHTML, like Gecko) Chrome/93.0.4577.63 Safari/537.36"
::1 - - [12/Sep/2021:20:27:13 +0000] "GET /api/transactions HTTP/1.1" 304 - "http://localhost:4000/admin/da" "Mozilla/5.0 (Macintosh; Intel Mac OS X 10_15_7) AppleWebKit/537.36 (KHTML, like Gecko) Chrome/93.0.4577.63 Safari/537.36"
::1 - - [12/Sep/2021:20:27:15 +0000] "GET /api/establishments HTTP/1.1" 304 - "http://localhost:4000/admin/user-profile" "Mozilla/5.0 (Macintosh; Intel Mac OS X 10_15_7) AppleWebKit/537.36 (KHTML, like Gecko) Chrome/93.0.4577.63 Safari/537.36"
::1 - - [12/Sep/2021:20:27:21 +0000] "GET /api/user HTTP/1.1" 200 3327 "http://localhost:4000/admin/user" "Mozilla/5.0 (Macintosh; Intel Mac OS X 10_15_7) AppleWebKit/537.36 (KHTML, like Gecko) Chrome/93.0.4577.63 Safari/537.36"
::1 - - [12/Sep/2021:21:21:25 +0000] "GET /api/establishments HTTP/1.1" 304 - "http://localhost:4000/auth/login" "Mozilla/5.0 (Macintosh; Intel Mac OS X 10_15_7) AppleWebKit/537.36 (KHTML, like Gecko) Chrome/93.0.4577.63 Safari/537.36"
